<?xml version="1.0" encoding="UTF-8"?>
<!-- Generated by org.testng.reporters.JUnitReportReporter -->
<testsuite hostname="DESKTOP-8SHG8LJ" failures="0" tests="3" name="Test_Demo.Put_Patch_Delete_Method" time="4.029" errors="0" timestamp="2022-12-01T16:17:26 IST" skipped="0">
  <testcase classname="Test_Demo.Put_Patch_Delete_Method" name="patch_Method" time="0.611"/>
  <system-out/>
  <testcase classname="Test_Demo.Put_Patch_Delete_Method" name="put_Method" time="0.551"/>
  <system-out/>
  <testcase classname="Test_Demo.Put_Patch_Delete_Method" name="delete" time="2.867"/>
  <system-out/>
</testsuite> <!-- Test_Demo.Put_Patch_Delete_Method -->
