<?xml version="1.0" encoding="UTF-8"?>
<!-- Generated by org.testng.reporters.JUnitReportReporter -->
<testsuite hostname="DESKTOP-8SHG8LJ" failures="0" tests="2" name="Test_Demo.Put_Patch_Delete" time="4.480" errors="0" timestamp="2022-12-01T16:14:58 IST" skipped="0">
  <testcase classname="Test_Demo.Put_Patch_Delete" name="patch_Method" time="0.818"/>
  <system-out/>
  <testcase classname="Test_Demo.Put_Patch_Delete" name="delete" time="3.662"/>
  <system-out/>
</testsuite> <!-- Test_Demo.Put_Patch_Delete -->
