<?xml version="1.0" encoding="UTF-8"?>
<!-- Generated by org.testng.reporters.JUnitReportReporter -->
<testsuite hostname="DESKTOP-8SHG8LJ" failures="0" tests="1" name="Test_Demo.Post_Method" time="0.016" errors="0" timestamp="2022-12-01T13:14:00 IST" skipped="0">
  <testcase classname="Test_Demo.Post_Method" name="post_Method" time="0.016"/>
  <system-out/>
</testsuite> <!-- Test_Demo.Post_Method -->
