<?xml version="1.0" encoding="UTF-8"?>
<!-- Generated by org.testng.reporters.JUnitReportReporter -->
<testsuite hostname="DESKTOP-8SHG8LJ" failures="0" tests="2" name="Test_Demo.Get_Method" time="5.795" errors="0" timestamp="2022-12-01T14:06:23 IST" skipped="0">
  <testcase classname="Test_Demo.Get_Method" name="get_Body" time="4.978"/>
  <system-out/>
  <testcase classname="Test_Demo.Get_Method" name="get_Method" time="0.817"/>
  <system-out/>
</testsuite> <!-- Test_Demo.Get_Method -->
