<?xml version="1.0" encoding="UTF-8"?>
<!-- Generated by org.testng.reporters.JUnitReportReporter -->
<testsuite hostname="DESKTOP-8SHG8LJ" failures="0" tests="2" name="Test_Demo.Get_Post_Method" time="4.987" errors="0" timestamp="2022-12-01T14:41:58 IST" skipped="0">
  <testcase classname="Test_Demo.Get_Post_Method" name="post_Method" time="0.640"/>
  <system-out/>
  <testcase classname="Test_Demo.Get_Post_Method" name="get_Method" time="4.347"/>
  <system-out/>
</testsuite> <!-- Test_Demo.Get_Post_Method -->
